<?xml version="1.0" encoding="UTF-8"?>
<testsuite xmlns:xsi="http://www.w3.org/2001/XMLSchema-instance" xsi:schemaLocation="https://maven.apache.org/surefire/maven-surefire-plugin/xsd/surefire-test-report.xsd" name="org.antlr.v4.test.runtime.TestParserErrors" time="1.171" tests="34" errors="0" skipped="0" failures="0">
  <properties>
    <property name="java.runtime.name" value="Java(TM) SE Runtime Environment"/>
    <property name="sun.boot.library.path" value="C:\Program Files\Java\jdk1.8.0_211\jre\bin"/>
    <property name="java.vm.version" value="25.211-b12"/>
    <property name="java.vm.vendor" value="Oracle Corporation"/>
    <property name="maven.multiModuleProjectDirectory" value="C:\code\antlr4ts\tool"/>
    <property name="java.vendor.url" value="http://java.oracle.com/"/>
    <property name="path.separator" value=";"/>
    <property name="guice.disable.misplaced.annotation.check" value="true"/>
    <property name="java.vm.name" value="Java HotSpot(TM) 64-Bit Server VM"/>
    <property name="file.encoding.pkg" value="sun.io"/>
    <property name="user.script" value=""/>
    <property name="user.country" value="US"/>
    <property name="sun.java.launcher" value="SUN_STANDARD"/>
    <property name="sun.os.patch.level" value=""/>
    <property name="java.vm.specification.name" value="Java Virtual Machine Specification"/>
    <property name="user.dir" value="C:\code\antlr4ts\tool"/>
    <property name="java.runtime.version" value="1.8.0_211-b12"/>
    <property name="java.awt.graphicsenv" value="sun.awt.Win32GraphicsEnvironment"/>
    <property name="java.endorsed.dirs" value="C:\Program Files\Java\jdk1.8.0_211\jre\lib\endorsed"/>
    <property name="os.arch" value="amd64"/>
    <property name="java.io.tmpdir" value="C:\Users\Burt_.000\AppData\Local\Temp\"/>
    <property name="line.separator" value="&#10;"/>
    <property name="java.vm.specification.vendor" value="Oracle Corporation"/>
    <property name="user.variant" value=""/>
    <property name="os.name" value="Windows 10"/>
    <property name="classworlds.conf" value="C:\ProgramData\chocolatey\lib\maven\apache-maven-3.6.3\bin\..\bin\m2.conf"/>
    <property name="sun.jnu.encoding" value="Cp1252"/>
    <property name="java.library.path" value="C:\Program Files\Java\jdk1.8.0_211\bin;C:\WINDOWS\Sun\Java\bin;C:\WINDOWS\system32;C:\WINDOWS;C:\code\antlr4ts\node_modules\npm-lifecycle\node-gyp-bin;C:\code\antlr4ts\tool\node_modules\.bin;C:\ProgramData\nvm\v12.16.1\node_modules\npm\node_modules\npm-lifecycle\node-gyp-bin;C:\code\antlr4ts\node_modules\.bin;C:\Program Files\PowerShell\7;C:\Python27\;C:\Python27\Scripts;C:\Program Files\ImageMagick-7.0.8-Q16;C:\WINDOWS\system32;C:\WINDOWS;C:\WINDOWS\System32\Wbem;C:\WINDOWS\System32\WindowsPowerShell\v1.0\;C:\WINDOWS\System32\OpenSSH\;C:\Program Files\dotnet\;C:\ProgramData\nvm;C:\Program Files\nodejs;C:\ProgramData\chocolatey\bin;C:\ProgramData\chocolatey\lib\maven\apache-maven-3.6.3\bin;C:\Program Files\Java\jdk1.8.0_211\bin;C:\Program Files\PowerShell\7\;C:\Program Files\Git\cmd;C:\Program Files\Git\mingw64\bin;C:\Program Files\Git\usr\bin;C:\WINDOWS\system32;C:\WINDOWS;C:\WINDOWS\System32\Wbem;C:\WINDOWS\System32\WindowsPowerShell\v1.0\;C:\WINDOWS\System32\OpenSSH\;C:\Program Files (x86)\Yarn\bin\;C:\Users\Burt_.000\AppData\Local\Microsoft\WindowsApps;C:\Users\Burt_.000\AppData\Local\Programs\Microsoft VS Code\bin;C:\Program Files (x86)\Nmap;c:\wham\bin;C:\code\nvm-windows\root\Java\jdk1.8.0_101;C:\Users\Burt_.000\AppData\Local\GitHubDesktop\bin;C:\Program Files\java\jdk1.8.0_211\bin;C:\Users\Burt_.000\AppData\Local\Microsoft\WindowsApps;C:\Users\Burt_.000\AppData\Local\Yarn\bin;."/>
    <property name="maven.conf" value="C:\ProgramData\chocolatey\lib\maven\apache-maven-3.6.3\bin\../conf"/>
    <property name="java.specification.name" value="Java Platform API Specification"/>
    <property name="java.class.version" value="52.0"/>
    <property name="sun.management.compiler" value="HotSpot 64-Bit Tiered Compilers"/>
    <property name="os.version" value="10.0"/>
    <property name="library.jansi.path" value="C:\ProgramData\chocolatey\lib\maven\apache-maven-3.6.3\bin\..\lib\jansi-native"/>
    <property name="user.home" value="C:\Users\Burt_.000"/>
    <property name="user.timezone" value="America/Los_Angeles"/>
    <property name="java.awt.printerjob" value="sun.awt.windows.WPrinterJob"/>
    <property name="java.specification.version" value="1.8"/>
    <property name="file.encoding" value="Cp1252"/>
    <property name="user.name" value="Burt_"/>
    <property name="java.class.path" value="C:\ProgramData\chocolatey\lib\maven\apache-maven-3.6.3\bin\..\boot\plexus-classworlds-2.6.0.jar"/>
    <property name="java.vm.specification.version" value="1.8"/>
    <property name="sun.arch.data.model" value="64"/>
    <property name="java.home" value="C:\Program Files\Java\jdk1.8.0_211\jre"/>
    <property name="sun.java.command" value="org.codehaus.plexus.classworlds.launcher.Launcher verify"/>
    <property name="java.specification.vendor" value="Oracle Corporation"/>
    <property name="user.language" value="en"/>
    <property name="awt.toolkit" value="sun.awt.windows.WToolkit"/>
    <property name="java.vm.info" value="mixed mode"/>
    <property name="java.version" value="1.8.0_211"/>
    <property name="java.ext.dirs" value="C:\Program Files\Java\jdk1.8.0_211\jre\lib\ext;C:\WINDOWS\Sun\Java\lib\ext"/>
    <property name="sun.boot.class.path" value="C:\Program Files\Java\jdk1.8.0_211\jre\lib\resources.jar;C:\Program Files\Java\jdk1.8.0_211\jre\lib\rt.jar;C:\Program Files\Java\jdk1.8.0_211\jre\lib\sunrsasign.jar;C:\Program Files\Java\jdk1.8.0_211\jre\lib\jsse.jar;C:\Program Files\Java\jdk1.8.0_211\jre\lib\jce.jar;C:\Program Files\Java\jdk1.8.0_211\jre\lib\charsets.jar;C:\Program Files\Java\jdk1.8.0_211\jre\lib\jfr.jar;C:\Program Files\Java\jdk1.8.0_211\jre\classes"/>
    <property name="sun.stderr.encoding" value="cp437"/>
    <property name="java.vendor" value="Oracle Corporation"/>
    <property name="maven.home" value="C:\ProgramData\chocolatey\lib\maven\apache-maven-3.6.3\bin\.."/>
    <property name="file.separator" value="\"/>
    <property name="java.vendor.url.bug" value="http://bugreport.sun.com/bugreport/"/>
    <property name="sun.cpu.endian" value="little"/>
    <property name="sun.io.unicode.encoding" value="UnicodeLittle"/>
    <property name="sun.stdout.encoding" value="cp437"/>
    <property name="sun.desktop" value="windows"/>
    <property name="sun.cpu.isalist" value="amd64"/>
  </properties>
  <testcase name="testSingleTokenDeletionBeforeLoop" classname="org.antlr.v4.test.runtime.TestParserErrors" time="0.037"/>
  <testcase name="testConjuringUpToken" classname="org.antlr.v4.test.runtime.TestParserErrors" time="0.03"/>
  <testcase name="testInvalidEmptyInput" classname="org.antlr.v4.test.runtime.TestParserErrors" time="0.017"/>
  <testcase name="testSingleTokenDeletionBeforeLoop2" classname="org.antlr.v4.test.runtime.TestParserErrors" time="0.031"/>
  <testcase name="testLL2" classname="org.antlr.v4.test.runtime.TestParserErrors" time="0.031"/>
  <testcase name="testLL3" classname="org.antlr.v4.test.runtime.TestParserErrors" time="0.047"/>
  <testcase name="testExtraneousInput" classname="org.antlr.v4.test.runtime.TestParserErrors" time="0.031"/>
  <testcase name="testSingleTokenDeletionConsumption" classname="org.antlr.v4.test.runtime.TestParserErrors" time="0.032"/>
  <testcase name="testSingleTokenDeletionExpectingSet" classname="org.antlr.v4.test.runtime.TestParserErrors" time="0.037"/>
  <testcase name="testSingleSetInsertion" classname="org.antlr.v4.test.runtime.TestParserErrors" time="0.026"/>
  <testcase name="testSingleTokenDeletionDuringLoop2" classname="org.antlr.v4.test.runtime.TestParserErrors" time="0.031"/>
  <testcase name="testMultiTokenDeletionDuringLoop" classname="org.antlr.v4.test.runtime.TestParserErrors" time="0.031"/>
  <testcase name="testTokenMismatch" classname="org.antlr.v4.test.runtime.TestParserErrors" time="0.016"/>
  <testcase name="testConjuringUpTokenFromSet" classname="org.antlr.v4.test.runtime.TestParserErrors" time="0.031"/>
  <testcase name="testLL1ErrorInfo" classname="org.antlr.v4.test.runtime.TestParserErrors" time="0.047"/>
  <testcase name="testMultiTokenDeletionBeforeLoop" classname="org.antlr.v4.test.runtime.TestParserErrors" time="0.031"/>
  <testcase name="testContextListGetters" classname="org.antlr.v4.test.runtime.TestParserErrors" time="0.032"/>
  <testcase name="testTokenMismatch2" classname="org.antlr.v4.test.runtime.TestParserErrors" time="0.031"/>
  <testcase name="testTokenMismatch3" classname="org.antlr.v4.test.runtime.TestParserErrors" time="0.047"/>
  <testcase name="testSingleTokenDeletionBeforePredict" classname="org.antlr.v4.test.runtime.TestParserErrors" time="0.031"/>
  <testcase name="testSingleTokenDeletion" classname="org.antlr.v4.test.runtime.TestParserErrors" time="0.016"/>
  <testcase name="testMultiTokenDeletionBeforeLoop2" classname="org.antlr.v4.test.runtime.TestParserErrors" time="0.031"/>
  <testcase name="testDuplicatedLeftRecursiveCall_1" classname="org.antlr.v4.test.runtime.TestParserErrors" time="0.047"/>
  <testcase name="testDuplicatedLeftRecursiveCall_2" classname="org.antlr.v4.test.runtime.TestParserErrors" time="0.031"/>
  <testcase name="testDuplicatedLeftRecursiveCall_3" classname="org.antlr.v4.test.runtime.TestParserErrors" time="0.055"/>
  <testcase name="testDuplicatedLeftRecursiveCall_4" classname="org.antlr.v4.test.runtime.TestParserErrors" time="0.024"/>
  <testcase name="testSingleSetInsertionConsumption" classname="org.antlr.v4.test.runtime.TestParserErrors" time="0.031"/>
  <testcase name="testMultiTokenDeletionDuringLoop2" classname="org.antlr.v4.test.runtime.TestParserErrors" time="0.083"/>
  <testcase name="testInvalidATNStateRemoval" classname="org.antlr.v4.test.runtime.TestParserErrors" time="0.031"/>
  <testcase name="testLLStar" classname="org.antlr.v4.test.runtime.TestParserErrors" time="0.032"/>
  <testcase name="testNoViableAltAvoidance" classname="org.antlr.v4.test.runtime.TestParserErrors" time="0.047"/>
  <testcase name="testSingleTokenDeletionDuringLoop" classname="org.antlr.v4.test.runtime.TestParserErrors" time="0.032"/>
  <testcase name="testSingleTokenDeletionBeforeAlt" classname="org.antlr.v4.test.runtime.TestParserErrors" time="0.028"/>
  <testcase name="testSingleTokenInsertion" classname="org.antlr.v4.test.runtime.TestParserErrors" time="0.031"/>
</testsuite>